Determining if the pthread_create exist failed with the following output:
Change Dir: /home/exbot/catkin_ws/build/CMakeFiles/CMakeTmp

Run Build Command:/usr/bin/make "cmTryCompileExec1381890754/fast"
/usr/bin/make -f CMakeFiles/cmTryCompileExec1381890754.dir/build.make CMakeFiles/cmTryCompileExec1381890754.dir/build
make[1]: 正在进入目录 `/home/exbot/catkin_ws/build/CMakeFiles/CMakeTmp'
/usr/bin/cmake -E cmake_progress_report /home/exbot/catkin_ws/build/CMakeFiles/CMakeTmp/CMakeFiles 1
Building C object CMakeFiles/cmTryCompileExec1381890754.dir/CheckSymbolExists.c.o
/usr/bin/cc    -o CMakeFiles/cmTryCompileExec1381890754.dir/CheckSymbolExists.c.o   -c /home/exbot/catkin_ws/build/CMakeFiles/CMakeTmp/CheckSymbolExists.c
Linking C executable cmTryCompileExec1381890754
/usr/bin/cmake -E cmake_link_script CMakeFiles/cmTryCompileExec1381890754.dir/link.txt --verbose=1
/usr/bin/cc       CMakeFiles/cmTryCompileExec1381890754.dir/CheckSymbolExists.c.o  -o cmTryCompileExec1381890754 -rdynamic 
CMakeFiles/cmTryCompileExec1381890754.dir/CheckSymbolExists.c.o：在函数‘main’中：
CheckSymbolExists.c:(.text+0x16)：对‘pthread_create’未定义的引用
collect2: error: ld returned 1 exit status
make[1]: *** [cmTryCompileExec1381890754] 错误 1
make[1]:正在离开目录 `/home/exbot/catkin_ws/build/CMakeFiles/CMakeTmp'
make: *** [cmTryCompileExec1381890754/fast] 错误 2

File /home/exbot/catkin_ws/build/CMakeFiles/CMakeTmp/CheckSymbolExists.c:
/* */
#include <pthread.h>

int main(int argc, char** argv)
{
  (void)argv;
#ifndef pthread_create
  return ((int*)(&pthread_create))[argc];
#else
  (void)argc;
  return 0;
#endif
}

Determining if the function pthread_create exists in the pthreads failed with the following output:
Change Dir: /home/exbot/catkin_ws/build/CMakeFiles/CMakeTmp

Run Build Command:/usr/bin/make "cmTryCompileExec3832043642/fast"
/usr/bin/make -f CMakeFiles/cmTryCompileExec3832043642.dir/build.make CMakeFiles/cmTryCompileExec3832043642.dir/build
make[1]: 正在进入目录 `/home/exbot/catkin_ws/build/CMakeFiles/CMakeTmp'
/usr/bin/cmake -E cmake_progress_report /home/exbot/catkin_ws/build/CMakeFiles/CMakeTmp/CMakeFiles 1
Building C object CMakeFiles/cmTryCompileExec3832043642.dir/CheckFunctionExists.c.o
/usr/bin/cc   -DCHECK_FUNCTION_EXISTS=pthread_create   -o CMakeFiles/cmTryCompileExec3832043642.dir/CheckFunctionExists.c.o   -c /usr/share/cmake-2.8/Modules/CheckFunctionExists.c
Linking C executable cmTryCompileExec3832043642
/usr/bin/cmake -E cmake_link_script CMakeFiles/cmTryCompileExec3832043642.dir/link.txt --verbose=1
/usr/bin/cc   -DCHECK_FUNCTION_EXISTS=pthread_create    CMakeFiles/cmTryCompileExec3832043642.dir/CheckFunctionExists.c.o  -o cmTryCompileExec3832043642 -rdynamic -lpthreads 
/usr/bin/ld: cannot find -lpthreads
collect2: error: ld returned 1 exit status
make[1]: *** [cmTryCompileExec3832043642] 错误 1
make[1]:正在离开目录 `/home/exbot/catkin_ws/build/CMakeFiles/CMakeTmp'
make: *** [cmTryCompileExec3832043642/fast] 错误 2


